app/build/outputs/logs/manifest-merger-debug-report.txt
-- Merging decision tree log ---
manifest
ADDED from src\main\AndroidManifest.xml:2:1-51:12
	package
		ADDED from src\main\AndroidManifest.xml:3:7-32
		INJECTED from src\main\AndroidManifest.xml
		INJECTED from src\main\AndroidManifest.xml
	android:versionName
		ADDED from src\main\AndroidManifest.xml:5:7-32
		INJECTED from src\main\AndroidManifest.xml
		INJECTED from src\main\AndroidManifest.xml
	android:versionCode
		ADDED from src\main\AndroidManifest.xml:4:7-30
		INJECTED from src\main\AndroidManifest.xml
		INJECTED from src\main\AndroidManifest.xml
	xmlns:android
		ADDED from src\main\AndroidManifest.xml:2:11-69
uses-sdk
ADDED from src\main\AndroidManifest.xml:6:5-43
	android:targetSdkVersion
		INJECTED from src\main\AndroidManifest.xml
		INJECTED from src\main\AndroidManifest.xml
	android:minSdkVersion
		ADDED from src\main\AndroidManifest.xml:6:15-40
		INJECTED from src\main\AndroidManifest.xml
		INJECTED from src\main\AndroidManifest.xml
uses-permission#android.permission.BLUETOOTH_ADMIN
ADDED from src\main\AndroidManifest.xml:7:5-74
	android:name
		ADDED from src\main\AndroidManifest.xml:7:22-71
uses-permission#android.permission.BLUETOOTH
ADDED from src\main\AndroidManifest.xml:8:5-68
	android:name
		ADDED from src\main\AndroidManifest.xml:8:22-65
application
ADDED from src\main\AndroidManifest.xml:10:5-50:19
	android:label
		ADDED from src\main\AndroidManifest.xml:13:9-41
	android:allowBackup
		ADDED from src\main\AndroidManifest.xml:11:9-35
	android:icon
		ADDED from src\main\AndroidManifest.xml:12:9-38
activity#com.ars.myrccar.MyRCCarActivity
ADDED from src\main\AndroidManifest.xml:15:9-21:20
	android:label
		ADDED from src\main\AndroidManifest.xml:16:19-51
	android:name
		ADDED from src\main\AndroidManifest.xml:15:19-50
intent-filter#android.intent.action.MAIN+android.intent.category.LAUNCHER
ADDED from src\main\AndroidManifest.xml:17:13-20:29
action#android.intent.action.MAIN
ADDED from src\main\AndroidManifest.xml:18:17-69
	android:name
		ADDED from src\main\AndroidManifest.xml:18:25-66
category#android.intent.category.LAUNCHER
ADDED from src\main\AndroidManifest.xml:19:17-77
	android:name
		ADDED from src\main\AndroidManifest.xml:19:27-74
activity#com.ars.myrccar.Menuuu
ADDED from src\main\AndroidManifest.xml:27:10-33:20
	android:label
		ADDED from src\main\AndroidManifest.xml:28:19-51
	android:name
		ADDED from src\main\AndroidManifest.xml:27:20-42
intent-filter#android.intent.category.DEFAULT+com.ars.myrccar.MENUUU
ADDED from src\main\AndroidManifest.xml:29:13-32:29
action#com.ars.myrccar.MENUUU
ADDED from src\main\AndroidManifest.xml:30:17-65
	android:name
		ADDED from src\main\AndroidManifest.xml:30:25-62
category#android.intent.category.DEFAULT
ADDED from src\main\AndroidManifest.xml:31:17-76
	android:name
		ADDED from src\main\AndroidManifest.xml:31:27-73
activity#com.ars.myrccar.Abouut
ADDED from src\main\AndroidManifest.xml:39:10-46:20
	android:label
		ADDED from src\main\AndroidManifest.xml:40:19-51
	android:theme
		ADDED from src\main\AndroidManifest.xml:41:19-62
	android:name
		ADDED from src\main\AndroidManifest.xml:39:20-42
intent-filter#android.intent.category.DEFAULT+com.ars.myrccar.ABOUT
ADDED from src\main\AndroidManifest.xml:42:13-45:29
action#com.ars.myrccar.ABOUT
ADDED from src\main\AndroidManifest.xml:43:17-64
	android:name
		ADDED from src\main\AndroidManifest.xml:43:25-61